  P04-313044270.cpp
C:\Users\Rodrigo\Documents\Visual Studio 2022\Compu Grafica\Proyecto1\Proyecto4_RTN\Window.h(12,36): warning C4244: 'return': conversión de 'GLint' a 'GLfloat'; posible pérdida de datos
  (compilando archivo de origen "P04-313044270.cpp")
  
C:\Users\Rodrigo\Documents\Visual Studio 2022\Compu Grafica\Proyecto1\Proyecto4_RTN\Window.h(13,37): warning C4244: 'return': conversión de 'GLint' a 'GLfloat'; posible pérdida de datos
  (compilando archivo de origen "P04-313044270.cpp")
  
C:\Users\Rodrigo\Documents\Visual Studio 2022\Compu Grafica\Proyecto1\Proyecto4_RTN\P04-313044270.cpp(28,36): warning C4305: 'inicializando': truncamiento de 'double' a 'float'
C:\Users\Rodrigo\Documents\Visual Studio 2022\Compu Grafica\Proyecto1\Proyecto4_RTN\P04-313044270.cpp(191,16): warning C4018: '<': no coinciden signed/unsigned
C:\Users\Rodrigo\Documents\Visual Studio 2022\Compu Grafica\Proyecto1\Proyecto4_RTN\P04-313044270.cpp(233,32): warning C4244: 'argumento': conversión de 'double' a '_Ty'; posible pérdida de datos
C:\Users\Rodrigo\Documents\Visual Studio 2022\Compu Grafica\Proyecto1\Proyecto4_RTN\P04-313044270.cpp(233,32): warning C4244:         with
C:\Users\Rodrigo\Documents\Visual Studio 2022\Compu Grafica\Proyecto1\Proyecto4_RTN\P04-313044270.cpp(233,32): warning C4244:         [
C:\Users\Rodrigo\Documents\Visual Studio 2022\Compu Grafica\Proyecto1\Proyecto4_RTN\P04-313044270.cpp(233,32): warning C4244:             _Ty=GLfloat
C:\Users\Rodrigo\Documents\Visual Studio 2022\Compu Grafica\Proyecto1\Proyecto4_RTN\P04-313044270.cpp(233,32): warning C4244:         ]
C:\Users\Rodrigo\Documents\Visual Studio 2022\Compu Grafica\Proyecto1\Proyecto4_RTN\P04-313044270.cpp(235,32): warning C4244: 'argumento': conversión de 'double' a '_Ty'; posible pérdida de datos
C:\Users\Rodrigo\Documents\Visual Studio 2022\Compu Grafica\Proyecto1\Proyecto4_RTN\P04-313044270.cpp(235,32): warning C4244:         with
C:\Users\Rodrigo\Documents\Visual Studio 2022\Compu Grafica\Proyecto1\Proyecto4_RTN\P04-313044270.cpp(235,32): warning C4244:         [
C:\Users\Rodrigo\Documents\Visual Studio 2022\Compu Grafica\Proyecto1\Proyecto4_RTN\P04-313044270.cpp(235,32): warning C4244:             _Ty=GLfloat
C:\Users\Rodrigo\Documents\Visual Studio 2022\Compu Grafica\Proyecto1\Proyecto4_RTN\P04-313044270.cpp(235,32): warning C4244:         ]
C:\Users\Rodrigo\Documents\Visual Studio 2022\Compu Grafica\Proyecto1\Proyecto4_RTN\P04-313044270.cpp(329,15): warning C4244: 'inicializando': conversión de 'double' a 'GLfloat'; posible pérdida de datos
C:\Users\Rodrigo\Documents\Visual Studio 2022\Compu Grafica\Proyecto1\Proyecto4_RTN\P04-313044270.cpp(331,33): warning C4244: '+=': conversión de 'double' a 'GLfloat'; posible pérdida de datos
LINK : warning LNK4098: la biblioteca predeterminada'MSVCRT' entra en conflicto con otras bibliotecas; use la biblioteca /NODEFAULTLIB:biblioteca
  Proyecto4_RTN.vcxproj -> C:\Users\Rodrigo\Documents\Visual Studio 2022\Compu Grafica\Proyecto1\Proyecto1_RTN\Debug\Proyecto4_RTN.exe
